<?xml version="1.0" encoding="UTF-8"?>
<testsuite xmlns:xsi="http://www.w3.org/2001/XMLSchema-instance" xsi:noNamespaceSchemaLocation="https://maven.apache.org/surefire/maven-surefire-plugin/xsd/surefire-test-report-3.0.xsd" version="3.0" name="com.sap.cloud.s4hana.examples.addressmgr.commands.GetAllBusinessPartnersCommandTest" time="3.146" tests="2" errors="0" skipped="0" failures="0">
  <properties>
[...]
</properties>
  <testcase name="testGetAll" classname="com.sap.cloud.s4hana.examples.addressmgr.commands.GetAllBusinessPartnersCommandTest" time="1.208"/>
  <testcase name="testWithError" classname="com.sap.cloud.s4hana.examples.addressmgr.commands.GetAllBusinessPartnersCommandTest" time="0.074"/>
</testsuite>